# JRE version: OpenJDK Runtime Environment (22.0.2+9) (build 22.0.2+9-70)
# Java VM: OpenJDK 64-Bit Server VM (22.0.2+9-70, mixed mode, sharing, tiered, compressed oops, compressed class ptrs, g1 gc, windows-amd64)
GC Precious Log:
 CardTable entry size: 512
 Card Set container configuration: InlinePtr #cards 5 size 8 Array Of Cards #cards 12 size 40 Howl #buckets 4 coarsen threshold 1843 Howl Bitmap #cards 512 size 80 coarsen threshold 460 Card regions per heap region 1 cards per card region 2048
 CPUs: 8 total, 8 available
 Memory: 16108M
 Large Page Support: Disabled
 NUMA Support: Disabled
 Compressed Oops: Enabled (32-bit)
 Heap Region Size: 1M
 Heap Min Capacity: 8M
 Heap Initial Capacity: 252M
 Heap Max Capacity: 1G
 Pre-touch: Disabled
 Parallel Workers: 8
 Concurrent Workers: 2
 Concurrent Refinement Workers: 8
 Periodic GC: Disabled
Heap:
 garbage-first heap   total reserved 1048576K, committed 393216K, used 292108K [0x00000000c0000000, 0x0000000100000000)
  region size 1024K, 167 young (171008K), 0 survivors (0K)
 Metaspace       used 11286K, committed 11584K, reserved 1114112K
  class space    used 1672K, committed 1792K, reserved 1048576K
GC Heap History (20 events):
Event: 12.330 GC heap before
{Heap before GC invocations=99 (full 31):
 garbage-first heap   total reserved 1048576K, committed 548864K, used 155751K [0x00000000c0000000, 0x0000000100000000)
  region size 1024K, 49 young (50176K), 7 survivors (7168K)
 Metaspace       used 10867K, committed 11072K, reserved 1114112K
  class space    used 1604K, committed 1664K, reserved 1048576K
}
Event: 12.416 GC heap after
{Heap after GC invocations=100 (full 32):
 garbage-first heap   total reserved 1048576K, committed 393216K, used 113412K [0x00000000c0000000, 0x0000000100000000)
  region size 1024K, 0 young (0K), 0 survivors (0K)
 Metaspace       used 10867K, committed 11072K, reserved 1114112K
  class space    used 1604K, committed 1664K, reserved 1048576K
}
Event: 12.459 GC heap before
{Heap before GC invocations=100 (full 32):
 garbage-first heap   total reserved 1048576K, committed 393216K, used 163588K [0x00000000c0000000, 0x0000000100000000)
  region size 1024K, 50 young (51200K), 0 survivors (0K)
 Metaspace       used 10867K, committed 11072K, reserved 1114112K
  class space    used 1604K, committed 1664K, reserved 1048576K
}
Event: 12.555 GC heap after
{Heap after GC invocations=101 (full 33):
 garbage-first heap   total reserved 1048576K, committed 393216K, used 113571K [0x00000000c0000000, 0x0000000100000000)
  region size 1024K, 0 young (0K), 0 survivors (0K)
 Metaspace       used 10867K, committed 11072K, reserved 1114112K
  class space    used 1604K, committed 1664K, reserved 1048576K
}
Event: 12.709 GC heap before
{Heap before GC invocations=101 (full 33):
 garbage-first heap   total reserved 1048576K, committed 393216K, used 349091K [0x00000000c0000000, 0x0000000100000000)
  region size 1024K, 230 young (235520K), 0 survivors (0K)
 Metaspace       used 10867K, committed 11072K, reserved 1114112K
  class space    used 1604K, committed 1664K, reserved 1048576K
}
Event: 12.712 GC heap after
{Heap after GC invocations=102 (full 33):
 garbage-first heap   total reserved 1048576K, committed 393216K, used 114750K [0x00000000c0000000, 0x0000000100000000)
  region size 1024K, 2 young (2048K), 2 survivors (2048K)
 Metaspace       used 10867K, committed 11072K, reserved 1114112K
  class space    used 1604K, committed 1664K, reserved 1048576K
}
Event: 12.868 GC heap before
{Heap before GC invocations=102 (full 33):
 garbage-first heap   total reserved 1048576K, committed 393216K, used 348222K [0x00000000c0000000, 0x0000000100000000)
  region size 1024K, 230 young (235520K), 2 survivors (2048K)
 Metaspace       used 10867K, committed 11072K, reserved 1114112K
  class space    used 1604K, committed 1664K, reserved 1048576K
}
Event: 12.872 GC heap after
{Heap after GC invocations=103 (full 33):
 garbage-first heap   total reserved 1048576K, committed 393216K, used 115275K [0x00000000c0000000, 0x0000000100000000)
  region size 1024K, 2 young (2048K), 2 survivors (2048K)
 Metaspace       used 10867K, committed 11072K, reserved 1114112K
  class space    used 1604K, committed 1664K, reserved 1048576K
}
Event: 13.027 GC heap before
{Heap before GC invocations=103 (full 33):
 garbage-first heap   total reserved 1048576K, committed 393216K, used 348747K [0x00000000c0000000, 0x0000000100000000)
  region size 1024K, 230 young (235520K), 2 survivors (2048K)
 Metaspace       used 10867K, committed 11072K, reserved 1114112K
  class space    used 1604K, committed 1664K, reserved 1048576K
}
Event: 13.033 GC heap after
{Heap after GC invocations=104 (full 33):
 garbage-first heap   total reserved 1048576K, committed 393216K, used 116246K [0x00000000c0000000, 0x0000000100000000)
  region size 1024K, 3 young (3072K), 3 survivors (3072K)
 Metaspace       used 10867K, committed 11072K, reserved 1114112K
  class space    used 1604K, committed 1664K, reserved 1048576K
}
Event: 13.184 GC heap before
{Heap before GC invocations=104 (full 33):
 garbage-first heap   total reserved 1048576K, committed 393216K, used 348694K [0x00000000c0000000, 0x0000000100000000)
  region size 1024K, 230 young (235520K), 3 survivors (3072K)
 Metaspace       used 10867K, committed 11072K, reserved 1114112K
  class space    used 1604K, committed 1664K, reserved 1048576K
}
Event: 13.191 GC heap after
{Heap after GC invocations=105 (full 33):
 garbage-first heap   total reserved 1048576K, committed 393216K, used 116918K [0x00000000c0000000, 0x0000000100000000)
  region size 1024K, 4 young (4096K), 4 survivors (4096K)
 Metaspace       used 10867K, committed 11072K, reserved 1114112K
  class space    used 1604K, committed 1664K, reserved 1048576K
}
Event: 13.349 GC heap before
{Heap before GC invocations=105 (full 33):
 garbage-first heap   total reserved 1048576K, committed 393216K, used 348342K [0x00000000c0000000, 0x0000000100000000)
  region size 1024K, 230 young (235520K), 4 survivors (4096K)
 Metaspace       used 10867K, committed 11072K, reserved 1114112K
  class space    used 1604K, committed 1664K, reserved 1048576K
}
Event: 13.358 GC heap after
{Heap after GC invocations=106 (full 33):
 garbage-first heap   total reserved 1048576K, committed 393216K, used 117883K [0x00000000c0000000, 0x0000000100000000)
  region size 1024K, 5 young (5120K), 5 survivors (5120K)
 Metaspace       used 10867K, committed 11072K, reserved 1114112K
  class space    used 1604K, committed 1664K, reserved 1048576K
}
Event: 13.514 GC heap before
{Heap before GC invocations=106 (full 33):
 garbage-first heap   total reserved 1048576K, committed 393216K, used 348283K [0x00000000c0000000, 0x0000000100000000)
  region size 1024K, 230 young (235520K), 5 survivors (5120K)
 Metaspace       used 10867K, committed 11072K, reserved 1114112K
  class space    used 1604K, committed 1664K, reserved 1048576K
}
Event: 13.525 GC heap after
{Heap after GC invocations=107 (full 33):
 garbage-first heap   total reserved 1048576K, committed 393216K, used 118585K [0x00000000c0000000, 0x0000000100000000)
  region size 1024K, 5 young (5120K), 5 survivors (5120K)
 Metaspace       used 10867K, committed 11072K, reserved 1114112K
  class space    used 1604K, committed 1664K, reserved 1048576K
}
Event: 13.801 GC heap before
{Heap before GC invocations=107 (full 33):
 garbage-first heap   total reserved 1048576K, committed 393216K, used 348985K [0x00000000c0000000, 0x0000000100000000)
  region size 1024K, 230 young (235520K), 5 survivors (5120K)
 Metaspace       used 11016K, committed 11200K, reserved 1114112K
  class space    used 1643K, committed 1728K, reserved 1048576K
}
Event: 13.825 GC heap after
{Heap after GC invocations=108 (full 33):
 garbage-first heap   total reserved 1048576K, committed 393216K, used 149209K [0x00000000c0000000, 0x0000000100000000)
  region size 1024K, 29 young (29696K), 29 survivors (29696K)
 Metaspace       used 11016K, committed 11200K, reserved 1114112K
  class space    used 1643K, committed 1728K, reserved 1048576K
}
Event: 13.869 GC heap before
{Heap before GC invocations=108 (full 33):
 garbage-first heap   total reserved 1048576K, committed 393216K, used 210649K [0x00000000c0000000, 0x0000000100000000)
  region size 1024K, 90 young (92160K), 29 survivors (29696K)
 Metaspace       used 11016K, committed 11200K, reserved 1114112K
  class space    used 1643K, committed 1728K, reserved 1048576K
}
Event: 13.963 GC heap after
{Heap after GC invocations=109 (full 34):
 garbage-first heap   total reserved 1048576K, committed 393216K, used 118028K [0x00000000c0000000, 0x0000000100000000)
  region size 1024K, 0 young (0K), 0 survivors (0K)
 Metaspace       used 11016K, committed 11200K, reserved 1114112K
  class space    used 1643K, committed 1728K, reserved 1048576K
}

